<?xml version="1.0" encoding="UTF-8"?>
<!-- Generated by org.testng.reporters.JUnitReportReporter -->
<testsuite skipped="0" hostname="DESKTOP-64CPPE3" name="com.begining.BasicTest" tests="1" failures="0" timestamp="05 Sep 2019 12:30:39 GMT" time="11.430" errors="0">
  <testcase name="test" time="11.430" classname="com.begining.BasicTest"/>
</testsuite> <!-- com.begining.BasicTest -->
